<?xml version="1.0" encoding="UTF-8"?>
<!-- Generated by org.testng.reporters.JUnitReportReporter -->
<testsuite hostname="krushnas7" name="testcases.TestLoginXls" tests="1" failures="0" timestamp="27 Oct 2014 12:00:46 GMT" time="3.277" errors="0">
  <testcase name="testOcr" time="3.277" classname="testcases.TestLoginXls"/>
</testsuite> <!-- testcases.TestLoginXls -->
