<?xml version="1.0" encoding="UTF-8"?>
<!-- Generated by org.testng.reporters.JUnitReportReporter -->
<testsuite hostname="User-PC" name="testcases.Feed4Test" tests="5" failures="0" timestamp="11 Jan 2015 17:06:33 GMT" time="0.020" errors="0">
  <testcase name="testFeed" time="0.000" classname="testcases.Feed4Test"/>
  <testcase name="testFeed" time="0.000" classname="testcases.Feed4Test"/>
  <testcase name="testFeed" time="0.000" classname="testcases.Feed4Test"/>
  <testcase name="testFeed" time="0.000" classname="testcases.Feed4Test"/>
  <testcase name="testFeed" time="0.020" classname="testcases.Feed4Test"/>
</testsuite> <!-- testcases.Feed4Test -->
