<?xml version="1.0" encoding="UTF-8"?>
<!-- Generated by org.testng.reporters.JUnitReportReporter -->
<testsuite hostname="krushnas7" name="testcases.TestWebdriverListener" tests="1" failures="0" timestamp="18 Nov 2014 10:59:59 GMT" time="12.731" errors="0">
  <testcase name="testGoogle" time="12.731" classname="testcases.TestWebdriverListener"/>
</testsuite> <!-- testcases.TestWebdriverListener -->
